[2025-07-21 21:47:24] REQUEST recibido: Array
(
    [action] => obtener_estructura_tabla
)

[2025-07-21 21:47:24] REQUEST recibido: Array
(
    [action] => obtener_ejecutivos
)

[2025-07-21 21:47:24] REQUEST recibido: Array
(
    [action] => obtener_planteles
)

[2025-07-21 21:47:24] REQUEST recibido: Array
(
    [action] => obtener_citas
    [fecha_inicio] => 2025-07-14
    [fecha_fin] => 2025-07-21
)

[2025-07-21 21:47:24] FILTRO CITAS - Parámetros recibidos:
[2025-07-21 21:47:24] - fecha_inicio: 2025-07-14
[2025-07-21 21:47:24] - fecha_fin: 2025-07-21
[2025-07-21 21:47:24] - id_ejecutivo: null
[2025-07-21 21:47:24] - id_plantel: null
[2025-07-21 21:47:24] - incluir_planteles_asociados RAW: not set
[2025-07-21 21:47:24] - incluir_planteles_asociados FINAL: false
[2025-07-21 21:47:24] - WHERE clause: c.eli_cit = 1 AND c.cit_cit >= '2025-07-14' AND c.cit_cit <= '2025-07-21'
[2025-07-21 21:47:24] - Query final: SELECT c.id_cit, c.cit_cit, c.hor_cit, c.nom_cit, c.tel_cit, c.id_eje2, c.eli_cit, c.est_cit, c.efe_cit, c.pla_cit, e.nom_eje, p.nom_pla 
					 FROM cita c
					 LEFT JOIN ejecutivo e ON c.id_eje2 = e.id_eje
					 LEFT JOIN plantel p ON c.pla_cit = p.id_pla
					 WHERE c.eli_cit = 1 AND c.cit_cit >= '2025-07-14' AND c.cit_cit <= '2025-07-21'
					 ORDER BY c.cit_cit ASC, c.hor_cit ASC
[2025-07-21 21:47:24] - Citas encontradas: 19
[2025-07-21 21:47:25] REQUEST recibido: Array
(
    [action] => obtener_colores
    [id_cit] => 217
)

[2025-07-21 21:47:25] REQUEST recibido: Array
(
    [action] => obtener_colores
    [id_cit] => 213
)

[2025-07-21 21:47:25] REQUEST recibido: Array
(
    [action] => obtener_colores
    [id_cit] => 215
)

[2025-07-21 21:47:25] REQUEST recibido: Array
(
    [action] => obtener_colores
    [id_cit] => 216
)

[2025-07-21 21:47:25] REQUEST recibido: Array
(
    [action] => obtener_colores
    [id_cit] => 167
)

[2025-07-21 21:47:25] REQUEST recibido: Array
(
    [action] => obtener_colores
    [id_cit] => 214
)

[2025-07-21 21:47:25] REQUEST recibido: Array
(
    [action] => obtener_colores
    [id_cit] => 147
)

[2025-07-21 21:47:25] REQUEST recibido: Array
(
    [action] => obtener_colores
    [id_cit] => 187
)

[2025-07-21 21:47:25] REQUEST recibido: Array
(
    [action] => obtener_colores
    [id_cit] => 207
)

[2025-07-21 21:47:25] REQUEST recibido: Array
(
    [action] => obtener_colores
    [id_cit] => 152
)

[2025-07-21 21:47:25] REQUEST recibido: Array
(
    [action] => obtener_colores
    [id_cit] => 177
)

[2025-07-21 21:47:25] REQUEST recibido: Array
(
    [action] => obtener_colores
    [id_cit] => 197
)

[2025-07-21 21:47:25] REQUEST recibido: Array
(
    [action] => obtener_colores
    [id_cit] => 202
)

[2025-07-21 21:47:25] REQUEST recibido: Array
(
    [action] => obtener_colores
    [id_cit] => 157
)

[2025-07-21 21:47:25] REQUEST recibido: Array
(
    [action] => obtener_colores
    [id_cit] => 182
)

[2025-07-21 21:47:25] REQUEST recibido: Array
(
    [action] => obtener_colores
    [id_cit] => 212
)

[2025-07-21 21:47:25] REQUEST recibido: Array
(
    [action] => obtener_colores
    [id_cit] => 172
)

[2025-07-21 21:47:25] REQUEST recibido: Array
(
    [action] => obtener_colores
    [id_cit] => 192
)


)

[2025-07-21 21:47:25] REQUEST recibido: Array
(
    [action] => obtener_comentarios
    [id_cit] => 213
)

[2025-07-21 21:47:25] REQUEST recibido: Array
(
    [action] => obtener_comentarios
    [id_cit] => 215
)

[2025-07-21 21:47:25] REQUEST recibido: Array
(
    [action] => obtener_comentarios
    [id_cit] => 216
)

[2025-07-21 21:47:25] REQUEST recibido: Array
(
    [action] => obtener_comentarios
    [id_cit] => 167
)

[2025-07-21 21:47:25] REQUEST recibido: Array
(
    [action] => obtener_comentarios
    [id_cit] => 214
)

[2025-07-21 21:47:25] REQUEST recibido: Array
(
    [action] => obtener_comentarios
    [id_cit] => 147
)

[2025-07-21 21:47:25] REQUEST recibido: Array
(
    [action] => obtener_comentarios
    [id_cit] => 187
)

[2025-07-21 21:47:25] REQUEST recibido: Array
(
    [action] => obtener_comentarios
    [id_cit] => 207
)

[2025-07-21 21:47:25] REQUEST recibido: Array
(
    [action] => obtener_comentarios
    [id_cit] => 152
)

[2025-07-21 21:47:25] REQUEST recibido: Array
(
    [action] => obtener_comentarios
    [id_cit] => 177
)

[2025-07-21 21:47:25] REQUEST recibido: Array
(
    [action] => obtener_comentarios
    [id_cit] => 197
)

[2025-07-21 21:47:25] REQUEST recibido: Array
(
    [action] => obtener_comentarios
    [id_cit] => 157
)

[2025-07-21 21:47:25] REQUEST recibido: Array
(
    [action] => obtener_comentarios
    [id_cit] => 182
)

[2025-07-21 21:47:25] REQUEST recibido: Array
(
    [action] => obtener_comentarios
    [id_cit] => 202
)

[2025-07-21 21:47:25] REQUEST recibido: Array
(
    [action] => obtener_comentarios
    [id_cit] => 162
)

[2025-07-21 21:47:25] REQUEST recibido: Array
(
    [action] => obtener_comentarios
    [id_cit] => 212
)

[2025-07-21 21:47:25] REQUEST recibido: Array
(
    [action] => obtener_comentarios
    [id_cit] => 172
)

[2025-07-21 21:47:25] REQUEST recibido: Array
(
    [action] => obtener_comentarios
    [id_cit] => 192
)

[2025-07-21 21:47:25] REQUEST recibido: Array
(
    [action] => obtener_estadisticas_embudo
)

[2025-07-21 21:47:25] EMBUDO ESTADÍSTICAS - Total: 76, Efectivas: 48, Registros: 25
[2025-07-21 21:47:32] REQUEST recibido: Array
(
    [action] => obtener_citas
)

[2025-07-21 21:47:32] FILTRO CITAS - Parámetros recibidos:
[2025-07-21 21:47:32] - fecha_inicio: null
[2025-07-21 21:47:32] - fecha_fin: null
[2025-07-21 21:47:32] - id_ejecutivo: null
[2025-07-21 21:47:32] - id_plantel: null
[2025-07-21 21:47:32] - incluir_planteles_asociados RAW: not set
[2025-07-21 21:47:32] - incluir_planteles_asociados FINAL: false
[2025-07-21 21:47:32] - WHERE clause: c.eli_cit = 1
[2025-07-21 21:47:32] - Query final: SELECT c.id_cit, c.cit_cit, c.hor_cit, c.nom_cit, c.tel_cit, c.id_eje2, c.eli_cit, c.est_cit, c.efe_cit, c.pla_cit, e.nom_eje, p.nom_pla 
					 FROM cita c
					 LEFT JOIN ejecutivo e ON c.id_eje2 = e.id_eje
					 LEFT JOIN plantel p ON c.pla_cit = p.id_pla
					 WHERE c.eli_cit = 1
					 ORDER BY c.cit_cit DESC, c.hor_cit ASC
[2025-07-21 21:47:32] - Citas encontradas: 75
[2025-07-21 21:47:38] REQUEST recibido: Array
(
    [action] => obtener_citas
)

[2025-07-21 21:47:38] FILTRO CITAS - Parámetros recibidos:
[2025-07-21 21:47:38] - fecha_inicio: null
[2025-07-21 21:47:38] - fecha_fin: null
[2025-07-21 21:47:38] - id_ejecutivo: null
[2025-07-21 21:47:38] - id_plantel: null
[2025-07-21 21:47:38] - incluir_planteles_asociados RAW: not set
[2025-07-21 21:47:38] - incluir_planteles_asociados FINAL: false
[2025-07-21 21:47:38] - WHERE clause: c.eli_cit = 1
[2025-07-21 21:47:38] - Query final: SELECT c.id_cit, c.cit_cit, c.hor_cit, c.nom_cit, c.tel_cit, c.id_eje2, c.eli_cit, c.est_cit, c.efe_cit, c.pla_cit, e.nom_eje, p.nom_pla 
					 FROM cita c
					 LEFT JOIN ejecutivo e ON c.id_eje2 = e.id_eje
					 LEFT JOIN plantel p ON c.pla_cit = p.id_pla
					 WHERE c.eli_cit = 1
					 ORDER BY c.cit_cit DESC, c.hor_cit ASC
[2025-07-21 21:47:38] - Citas encontradas: 75
[2025-07-21 21:47:43] REQUEST recibido: Array
(
    [action] => obtener_citas
)

[2025-07-21 21:47:43] FILTRO CITAS - Parámetros recibidos:
[2025-07-21 21:47:43] - fecha_inicio: null
[2025-07-21 21:47:43] - fecha_fin: null
[2025-07-21 21:47:43] - id_ejecutivo: null
[2025-07-21 21:47:43] - id_plantel: null
[2025-07-21 21:47:43] - incluir_planteles_asociados RAW: not set
[2025-07-21 21:47:43] - incluir_planteles_asociados FINAL: false
[2025-07-21 21:47:43] - WHERE clause: c.eli_cit = 1
[2025-07-21 21:47:43] - Query final: SELECT c.id_cit, c.cit_cit, c.hor_cit, c.nom_cit, c.tel_cit, c.id_eje2, c.eli_cit, c.est_cit, c.efe_cit, c.pla_cit, e.nom_eje, p.nom_pla 
					 FROM cita c
					 LEFT JOIN ejecutivo e ON c.id_eje2 = e.id_eje
					 LEFT JOIN plantel p ON c.pla_cit = p.id_pla
					 WHERE c.eli_cit = 1
					 ORDER BY c.cit_cit DESC, c.hor_cit ASC
[2025-07-21 21:47:43] - Citas encontradas: 75
[2025-07-21 21:47:43] REQUEST recibido: Array
(
    [action] => obtener_colores
    [id_cit] => 148
)

[2025-07-21 21:47:43] REQUEST recibido: Array
(
    [action] => obtener_colores
    [id_cit] => 147
)

[2025-07-21 21:47:43] REQUEST recibido: Array
(
    [action] => obtener_colores
    [id_cit] => 149
)

[2025-07-21 21:47:44] REQUEST recibido: Array
(
    [action] => obtener_comentarios
    [id_cit] => 148
)

[2025-07-21 21:47:44] REQUEST recibido: Array
(
    [action] => obtener_comentarios
    [id_cit] => 147
)

[2025-07-21 21:47:44] REQUEST recibido: Array
(
    [action] => obtener_comentarios
    [id_cit] => 149
)

[2025-07-21 21:47:44] REQUEST recibido: Array
(
    [action] => obtener_estadisticas_embudo
)

[2025-07-21 21:47:44] EMBUDO ESTADÍSTICAS - Total: 76, Efectivas: 48, Registros: 25
[2025-07-21 21:47:53] REQUEST recibido: Array
(
    [action] => obtener_citas
    [fecha_inicio] => 2025-07-01
    [fecha_fin] => 2025-07-21
)

[2025-07-21 21:47:53] FILTRO CITAS - Parámetros recibidos:
[2025-07-21 21:47:53] - fecha_inicio: 2025-07-01
[2025-07-21 21:47:53] - fecha_fin: 2025-07-21
[2025-07-21 21:47:53] - id_ejecutivo: null
[2025-07-21 21:47:53] - id_plantel: null
[2025-07-21 21:47:53] - incluir_planteles_asociados RAW: not set
[2025-07-21 21:47:53] - incluir_planteles_asociados FINAL: false
[2025-07-21 21:47:53] - WHERE clause: c.eli_cit = 1 AND c.cit_cit >= '2025-07-01' AND c.cit_cit <= '2025-07-21'
[2025-07-21 21:47:53] - Query final: SELECT c.id_cit, c.cit_cit, c.hor_cit, c.nom_cit, c.tel_cit, c.id_eje2, c.eli_cit, c.est_cit, c.efe_cit, c.pla_cit, e.nom_eje, p.nom_pla 
					 FROM cita c
					 LEFT JOIN ejecutivo e ON c.id_eje2 = e.id_eje
					 LEFT JOIN plantel p ON c.pla_cit = p.id_pla
					 WHERE c.eli_cit = 1 AND c.cit_cit >= '2025-07-01' AND c.cit_cit <= '2025-07-21'
					 ORDER BY c.cit_cit ASC, c.hor_cit ASC
[2025-07-21 21:47:53] - Citas encontradas: 75
[2025-07-21 21:47:53] REQUEST recibido: Array
(
    [action] => obtener_colores
    [id_cit] => 203
)

[2025-07-21 21:47:53] REQUEST recibido: Array
(
    [action] => obtener_colores
    [id_cit] => 148
)

[2025-07-21 21:47:53] REQUEST recibido: Array
(
    [action] => obtener_colores
    [id_cit] => 183
)

[2025-07-21 21:47:53] REQUEST recibido: Array
(
    [action] => obtener_colores
    [id_cit] => 155
)

[2025-07-21 21:47:53] REQUEST recibido: Array
(
    [action] => obtener_colores
    [id_cit] => 218
)

[2025-07-21 21:47:53] REQUEST recibido: Array
(
    [action] => obtener_colores
    [id_cit] => 143
)

[2025-07-21 21:47:53] REQUEST recibido: Array
(
    [action] => obtener_colores
    [id_cit] => 158
)

[2025-07-21 21:47:53] REQUEST recibido: Array
(
    [action] => obtener_colores
    [id_cit] => 193
)

[2025-07-21 21:47:53] REQUEST recibido: Array
(
    [action] => obtener_colores
    [id_cit] => 178
)

[2025-07-21 21:47:53] REQUEST recibido: Array
(
    [action] => obtener_colores
    [id_cit] => 173
)

[2025-07-21 21:47:53] REQUEST recibido: Array
(
    [action] => obtener_colores
    [id_cit] => 153
)

[2025-07-21 21:47:53] REQUEST recibido: Array
(
    [action] => obtener_colores
    [id_cit] => 204
)

[2025-07-21 21:47:53] REQUEST recibido: Array
(
    [action] => obtener_colores
    [id_cit] => 188
)

[2025-07-21 21:47:53] REQUEST recibido: Array
(
    [action] => obtener_colores
    [id_cit] => 159
)

[2025-07-21 21:47:53] REQUEST recibido: Array
(
    [action] => obtener_colores
    [id_cit] => 144
)

[2025-07-21 21:47:53] REQUEST recibido: Array
(
    [action] => obtener_colores
    [id_cit] => 180
)

[2025-07-21 21:47:53] REQUEST recibido: Array
(
    [action] => obtener_colores
    [id_cit] => 184
)

[2025-07-21 21:47:53] REQUEST recibido: Array
(
    [action] => obtener_colores
    [id_cit] => 208
)

[2025-07-21 21:47:53] REQUEST recibido: Array
(
    [action] => obtener_colores
    [id_cit] => 168
)

[2025-07-21 21:47:53] REQUEST recibido: Array
(
    [action] => obtener_colores
    [id_cit] => 149
)

[2025-07-21 21:47:53] REQUEST recibido: Array
(
    [action] => obtener_colores
    [id_cit] => 211
)

[2025-07-21 21:47:53] REQUEST recibido: Array
(
    [action] => obtener_colores
    [id_cit] => 194
)

[2025-07-21 21:47:53] REQUEST recibido: Array
(
    [action] => obtener_colores
    [id_cit] => 174
)

[2025-07-21 21:47:53] REQUEST recibido: Array
(
    [action] => obtener_colores
    [id_cit] => 191
)

[2025-07-21 21:47:53] REQUEST recibido: Array
(
    [action] => obtener_colores
    [id_cit] => 179
)

[2025-07-21 21:47:53] REQUEST recibido: Array
(
    [action] => obtener_colores
    [id_cit] => 199
)

[2025-07-21 21:47:53] REQUEST recibido: Array
(
    [action] => obtener_colores
    [id_cit] => 154
)

[2025-07-21 21:47:53] REQUEST recibido: Array
(
    [action] => obtener_colores
    [id_cit] => 145
)

[2025-07-21 21:47:53] REQUEST recibido: Array
(
    [action] => obtener_colores
    [id_cit] => 189
)

[2025-07-21 21:47:53] REQUEST recibido: Array
(
    [action] => obtener_colores
    [id_cit] => 151
)

[2025-07-21 21:47:53] REQUEST recibido: Array
(
    [action] => obtener_colores
    [id_cit] => 176
)

[2025-07-21 21:47:53] REQUEST recibido: Array
(
    [action] => obtener_colores
    [id_cit] => 209
)

[2025-07-21 21:47:53] REQUEST recibido: Array
(
    [action] => obtener_colores
    [id_cit] => 169
)

[2025-07-21 21:47:53] REQUEST recibido: Array
(
    [action] => obtener_colores
    [id_cit] => 186
)

[2025-07-21 21:47:53] REQUEST recibido: Array
(
    [action] => obtener_colores
    [id_cit] => 146
)

[2025-07-21 21:47:53] REQUEST recibido: Array
(
    [action] => obtener_colores
    [id_cit] => 156
)

[2025-07-21 21:47:53] REQUEST recibido: Array
(
    [action] => obtener_colores
    [id_cit] => 206
)

[2025-07-21 21:47:53] REQUEST recibido: Array
(
    [action] => obtener_colores
    [id_cit] => 181
)

[2025-07-21 21:47:53] REQUEST recibido: Array
(
    [action] => obtener_comentarios
    [id_cit] => 148
)

[2025-07-21 21:47:53] REQUEST recibido: Array
(
    [action] => obtener_comentarios
    [id_cit] => 203
)

[2025-07-21 21:47:53] REQUEST recibido: Array
(
    [action] => obtener_comentarios
    [id_cit] => 183
)

[2025-07-21 21:47:53] REQUEST recibido: Array
(
    [action] => obtener_comentarios
    [id_cit] => 155
)

[2025-07-21 21:47:54] REQUEST recibido: Array
(
    [action] => obtener_comentarios
    [id_cit] => 218
)

[2025-07-21 21:47:54] REQUEST recibido: Array
(
    [action] => obtener_comentarios
    [id_cit] => 143
)

[2025-07-21 21:47:54] REQUEST recibido: Array
(
    [action] => obtener_comentarios
    [id_cit] => 178
)

[2025-07-21 21:47:54] REQUEST recibido: Array
(
    [action] => obtener_comentarios
    [id_cit] => 158
)

[2025-07-21 21:47:54] REQUEST recibido: Array
(
    [action] => obtener_comentarios
    [id_cit] => 193
)

[2025-07-21 21:47:54] REQUEST recibido: Array
(
    [action] => obtener_comentarios
    [id_cit] => 153
)

[2025-07-21 21:47:54] REQUEST recibido: Array
(
    [action] => obtener_comentarios
    [id_cit] => 173
)

[2025-07-21 21:47:54] REQUEST recibido: Array
(
    [action] => obtener_comentarios
    [id_cit] => 180
)

[2025-07-21 21:47:54] REQUEST recibido: Array
(
    [action] => obtener_comentarios
    [id_cit] => 168
)

[2025-07-21 21:47:54] REQUEST recibido: Array
(
    [action] => obtener_comentarios
    [id_cit] => 204
)

[2025-07-21 21:47:54] REQUEST recibido: Array
(
    [action] => obtener_comentarios
    [id_cit] => 144
)

[2025-07-21 21:47:54] REQUEST recibido: Array
(
    [action] => obtener_comentarios
    [id_cit] => 188
)

[2025-07-21 21:47:54] REQUEST recibido: Array
(
    [action] => obtener_comentarios
    [id_cit] => 159
)

[2025-07-21 21:47:54] REQUEST recibido: Array
(
    [action] => obtener_comentarios
    [id_cit] => 184
)

[2025-07-21 21:47:54] REQUEST recibido: Array
(
    [action] => obtener_comentarios
    [id_cit] => 211
)

[2025-07-21 21:47:54] REQUEST recibido: Array
(
    [action] => obtener_comentarios
    [id_cit] => 208
)

[2025-07-21 21:47:54] REQUEST recibido: Array
(
    [action] => obtener_comentarios
    [id_cit] => 149
)

[2025-07-21 21:47:54] REQUEST recibido: Array
(
    [action] => obtener_comentarios
    [id_cit] => 194
)

[2025-07-21 21:47:54] REQUEST recibido: Array
(
    [action] => obtener_comentarios
    [id_cit] => 174
)

[2025-07-21 21:47:54] REQUEST recibido: Array
(
    [action] => obtener_comentarios
    [id_cit] => 191
)

[2025-07-21 21:47:54] REQUEST recibido: Array
(
    [action] => obtener_comentarios
    [id_cit] => 199
)

[2025-07-21 21:47:54] REQUEST recibido: Array
(
    [action] => obtener_comentarios
    [id_cit] => 179
)

[2025-07-21 21:47:54] REQUEST recibido: Array
(
    [action] => obtener_comentarios
    [id_cit] => 154
)

[2025-07-21 21:47:54] REQUEST recibido: Array
(
    [action] => obtener_comentarios
    [id_cit] => 145
)

[2025-07-21 21:47:54] REQUEST recibido: Array
(
    [action] => obtener_comentarios
    [id_cit] => 189
)

[2025-07-21 21:47:54] REQUEST recibido: Array
(
    [action] => obtener_comentarios
    [id_cit] => 176
)

[2025-07-21 21:47:54] REQUEST recibido: Array
(
    [action] => obtener_comentarios
    [id_cit] => 164
)

[2025-07-21 21:47:54] REQUEST recibido: Array
(
    [action] => obtener_comentarios
    [id_cit] => 151
)

[2025-07-21 21:47:54] REQUEST recibido: Array
(
    [action] => obtener_comentarios
    [id_cit] => 209
)

[2025-07-21 21:47:54] REQUEST recibido: Array
(
    [action] => obtener_comentarios
    [id_cit] => 169
)

[2025-07-21 21:47:54] REQUEST recibido: Array
(
    [action] => obtener_comentarios
    [id_cit] => 186
)

[2025-07-21 21:47:54] REQUEST recibido: Array
(
    [action] => obtener_comentarios
    [id_cit] => 146
)

[2025-07-21 21:47:54] REQUEST recibido: Array
(
    [action] => obtener_comentarios
    [id_cit] => 156
)

[2025-07-21 21:47:54] REQUEST recibido: Array
(
    [action] => obtener_comentarios
    [id_cit] => 181
)

[2025-07-21 21:47:54] REQUEST recibido: Array
(
    [action] => obtener_comentarios
    [id_cit] => 206
)

[2025-07-21 21:47:56] REQUEST recibido: Array
(
    [action] => obtener_estadisticas_embudo
)

[2025-07-21 21:47:56] EMBUDO ESTADÍSTICAS - Total: 76, Efectivas: 48, Registros: 25
[2025-07-21 21:47:57] REQUEST recibido: Array
(
    [action] => obtener_citas
)

[2025-07-21 21:47:57] FILTRO CITAS - Parámetros recibidos:
[2025-07-21 21:47:57] - fecha_inicio: null
[2025-07-21 21:47:57] - fecha_fin: null
[2025-07-21 21:47:57] - id_ejecutivo: null
[2025-07-21 21:47:57] - id_plantel: null
[2025-07-21 21:47:57] - incluir_planteles_asociados RAW: not set
[2025-07-21 21:47:57] - incluir_planteles_asociados FINAL: false
[2025-07-21 21:47:57] - WHERE clause: c.eli_cit = 1
[2025-07-21 21:47:57] - Query final: SELECT c.id_cit, c.cit_cit, c.hor_cit, c.nom_cit, c.tel_cit, c.id_eje2, c.eli_cit, c.est_cit, c.efe_cit, c.pla_cit, e.nom_eje, p.nom_pla 
					 FROM cita c
					 LEFT JOIN ejecutivo e ON c.id_eje2 = e.id_eje
					 LEFT JOIN plantel p ON c.pla_cit = p.id_pla
					 WHERE c.eli_cit = 1
					 ORDER BY c.cit_cit DESC, c.hor_cit ASC
[2025-07-21 21:47:57] - Citas encontradas: 75
[2025-07-21 21:48:06] REQUEST recibido: Array
(
    [action] => obtener_citas
    [fecha_inicio] => 2025-06-01
    [fecha_fin] => 2025-07-21
)

[2025-07-21 21:48:06] FILTRO CITAS - Parámetros recibidos:
[2025-07-21 21:48:06] - fecha_inicio: 2025-06-01
[2025-07-21 21:48:06] - fecha_fin: 2025-07-21
[2025-07-21 21:48:06] - id_ejecutivo: null
[2025-07-21 21:48:06] - id_plantel: null
[2025-07-21 21:48:06] - incluir_planteles_asociados RAW: not set
[2025-07-21 21:48:06] - incluir_planteles_asociados FINAL: false
[2025-07-21 21:48:06] - WHERE clause: c.eli_cit = 1 AND c.cit_cit >= '2025-06-01' AND c.cit_cit <= '2025-07-21'
[2025-07-21 21:48:06] - Query final: SELECT c.id_cit, c.cit_cit, c.hor_cit, c.nom_cit, c.tel_cit, c.id_eje2, c.eli_cit, c.est_cit, c.efe_cit, c.pla_cit, e.nom_eje, p.nom_pla 
					 FROM cita c
					 LEFT JOIN ejecutivo e ON c.id_eje2 = e.id_eje
					 LEFT JOIN plantel p ON c.pla_cit = p.id_pla
					 WHERE c.eli_cit = 1 AND c.cit_cit >= '2025-06-01' AND c.cit_cit <= '2025-07-21'
					 ORDER BY c.cit_cit ASC, c.hor_cit ASC
[2025-07-21 21:48:06] - Citas encontradas: 75
[2025-07-21 21:48:07] REQUEST recibido: Array
(
    [action] => obtener_colores
    [id_cit] => 203
)

[2025-07-21 21:48:07] REQUEST recibido: Array
(
    [action] => obtener_colores
    [id_cit] => 148
)

[2025-07-21 21:48:07] REQUEST recibido: Array
(
    [action] => obtener_colores
    [id_cit] => 155
)

[2025-07-21 21:48:07] REQUEST recibido: Array
(
    [action] => obtener_colores
    [id_cit] => 218
)

[2025-07-21 21:48:07] REQUEST recibido: Array
(
    [action] => obtener_colores
    [id_cit] => 183
)

[2025-07-21 21:48:07] REQUEST recibido: Array
(
    [action] => obtener_colores
    [id_cit] => 143
)

[2025-07-21 21:48:07] REQUEST recibido: Array
(
    [action] => obtener_colores
    [id_cit] => 178
)

[2025-07-21 21:48:07] REQUEST recibido: Array
(
    [action] => obtener_colores
    [id_cit] => 158
)

[2025-07-21 21:48:07] REQUEST recibido: Array
(
    [action] => obtener_colores
    [id_cit] => 193
)

[2025-07-21 21:48:07] REQUEST recibido: Array
(
    [action] => obtener_colores
    [id_cit] => 180
)

[2025-07-21 21:48:07] REQUEST recibido: Array
(
    [action] => obtener_colores
    [id_cit] => 173
)

[2025-07-21 21:48:07] REQUEST recibido: Array
(
    [action] => obtener_colores
    [id_cit] => 153
)

[2025-07-21 21:48:07] REQUEST recibido: Array
(
    [action] => obtener_colores
    [id_cit] => 168
)

[2025-07-21 21:48:07] REQUEST recibido: Array
(
    [action] => obtener_colores
    [id_cit] => 204
)

[2025-07-21 21:48:07] REQUEST recibido: Array
(
    [action] => obtener_colores
    [id_cit] => 188
)

[2025-07-21 21:48:07] REQUEST recibido: Array
(
    [action] => obtener_colores
    [id_cit] => 144
)

[2025-07-21 21:48:07] REQUEST recibido: Array
(
    [action] => obtener_colores
    [id_cit] => 159
)

[2025-07-21 21:48:07] REQUEST recibido: Array
(
    [action] => obtener_colores
    [id_cit] => 184
)

[2025-07-21 21:48:07] REQUEST recibido: Array
(
    [action] => obtener_colores
    [id_cit] => 208
)

[2025-07-21 21:48:07] REQUEST recibido: Array
(
    [action] => obtener_colores
    [id_cit] => 211
)

[2025-07-21 21:48:07] REQUEST recibido: Array
(
    [action] => obtener_colores
    [id_cit] => 149
)

[2025-07-21 21:48:07] REQUEST recibido: Array
(
    [action] => obtener_colores
    [id_cit] => 194
)

[2025-07-21 21:48:07] REQUEST recibido: Array
(
    [action] => obtener_colores
    [id_cit] => 179
)

[2025-07-21 21:48:07] REQUEST recibido: Array
(
    [action] => obtener_colores
    [id_cit] => 174
)

[2025-07-21 21:48:07] REQUEST recibido: Array
(
    [action] => obtener_colores
    [id_cit] => 191
)

[2025-07-21 21:48:07] REQUEST recibido: Array
(
    [action] => obtener_colores
    [id_cit] => 154
)

[2025-07-21 21:48:07] REQUEST recibido: Array
(
    [action] => obtener_colores
    [id_cit] => 199
)

[2025-07-21 21:48:07] REQUEST recibido: Array
(
    [action] => obtener_colores
    [id_cit] => 145
)

[2025-07-21 21:48:07] REQUEST recibido: Array
(
    [action] => obtener_colores
    [id_cit] => 189
)

[2025-07-21 21:48:07] REQUEST recibido: Array
(
    [action] => obtener_colores
    [id_cit] => 151
)

[2025-07-21 21:48:07] REQUEST recibido: Array
(
    [action] => obtener_colores
    [id_cit] => 209
)

[2025-07-21 21:48:07] REQUEST recibido: Array
(
    [action] => obtener_colores
    [id_cit] => 176
)

[2025-07-21 21:48:07] REQUEST recibido: Array
(
    [action] => obtener_colores
    [id_cit] => 169
)

[2025-07-21 21:48:07] REQUEST recibido: Array
(
    [action] => obtener_colores
    [id_cit] => 186
)

[2025-07-21 21:48:07] REQUEST recibido: Array
(
    [action] => obtener_colores
    [id_cit] => 146
)

[2025-07-21 21:48:07] REQUEST recibido: Array
(
    [action] => obtener_colores
    [id_cit] => 156
)

[2025-07-21 21:48:07] REQUEST recibido: Array
(
    [action] => obtener_colores
    [id_cit] => 181
)

[2025-07-21 21:48:07] REQUEST recibido: Array
(
    [action] => obtener_colores
    [id_cit] => 206
)

[2025-07-21 21:48:07] REQUEST recibido: Array
(
    [action] => obtener_comentarios
    [id_cit] => 203
)

[2025-07-21 21:48:07] REQUEST recibido: Array
(
    [action] => obtener_comentarios
    [id_cit] => 148
)

[2025-07-21 21:48:07] REQUEST recibido: Array
(
    [action] => obtener_comentarios
    [id_cit] => 183
)

[2025-07-21 21:48:07] REQUEST recibido: Array
(
    [action] => obtener_comentarios
    [id_cit] => 143
)

[2025-07-21 21:48:07] REQUEST recibido: Array
(
    [action] => obtener_comentarios
    [id_cit] => 218
)

[2025-07-21 21:48:07] REQUEST recibido: Array
(
    [action] => obtener_comentarios
    [id_cit] => 155
)

[2025-07-21 21:48:07] REQUEST recibido: Array
(
    [action] => obtener_comentarios
    [id_cit] => 178
)

[2025-07-21 21:48:07] REQUEST recibido: Array
(
    [action] => obtener_comentarios
    [id_cit] => 158
)

[2025-07-21 21:48:07] REQUEST recibido: Array
(
    [action] => obtener_comentarios
    [id_cit] => 193
)

[2025-07-21 21:48:07] REQUEST recibido: Array
(
    [action] => obtener_comentarios
    [id_cit] => 173
)

[2025-07-21 21:48:07] REQUEST recibido: Array
(
    [action] => obtener_comentarios
    [id_cit] => 168
)

[2025-07-21 21:48:07] REQUEST recibido: Array
(
    [action] => obtener_comentarios
    [id_cit] => 180
)

[2025-07-21 21:48:07] REQUEST recibido: Array
(
    [action] => obtener_comentarios
    [id_cit] => 204
)

[2025-07-21 21:48:07] REQUEST recibido: Array
(
    [action] => obtener_comentarios
    [id_cit] => 144
)

[2025-07-21 21:48:07] REQUEST recibido: Array
(
    [action] => obtener_comentarios
    [id_cit] => 188
)

[2025-07-21 21:48:07] REQUEST recibido: Array
(
    [action] => obtener_comentarios
    [id_cit] => 159
)

[2025-07-21 21:48:07] REQUEST recibido: Array
(
    [action] => obtener_comentarios
    [id_cit] => 184
)

[2025-07-21 21:48:07] REQUEST recibido: Array
(
    [action] => obtener_comentarios
    [id_cit] => 208
)

[2025-07-21 21:48:07] REQUEST recibido: Array
(
    [action] => obtener_comentarios
    [id_cit] => 211
)

[2025-07-21 21:48:07] REQUEST recibido: Array
(
    [action] => obtener_comentarios
    [id_cit] => 149
)

[2025-07-21 21:48:07] REQUEST recibido: Array
(
    [action] => obtener_comentarios
    [id_cit] => 194
)

[2025-07-21 21:48:07] REQUEST recibido: Array
(
    [action] => obtener_comentarios
    [id_cit] => 174
)

[2025-07-21 21:48:07] REQUEST recibido: Array
(
    [action] => obtener_comentarios
    [id_cit] => 191
)

[2025-07-21 21:48:07] REQUEST recibido: Array
(
    [action] => obtener_comentarios
    [id_cit] => 179
)

[2025-07-21 21:48:07] REQUEST recibido: Array
(
    [action] => obtener_comentarios
    [id_cit] => 199
)

[2025-07-21 21:48:07] REQUEST recibido: Array
(
    [action] => obtener_comentarios
    [id_cit] => 154
)

[2025-07-21 21:48:07] REQUEST recibido: Array
(
    [action] => obtener_comentarios
    [id_cit] => 145
)

[2025-07-21 21:48:07] REQUEST recibido: Array
(
    [action] => obtener_comentarios
    [id_cit] => 164
)

[2025-07-21 21:48:07] REQUEST recibido: Array
(
    [action] => obtener_comentarios
    [id_cit] => 189
)

[2025-07-21 21:48:07] REQUEST recibido: Array
(
    [action] => obtener_comentarios
    [id_cit] => 176
)

[2025-07-21 21:48:07] REQUEST recibido: Array
(
    [action] => obtener_comentarios
    [id_cit] => 151
)

[2025-07-21 21:48:07] REQUEST recibido: Array
(
    [action] => obtener_comentarios
    [id_cit] => 209
)

[2025-07-21 21:48:07] REQUEST recibido: Array
(
    [action] => obtener_comentarios
    [id_cit] => 169
)

[2025-07-21 21:48:07] REQUEST recibido: Array
(
    [action] => obtener_comentarios
    [id_cit] => 186
)

[2025-07-21 21:48:07] REQUEST recibido: Array
(
    [action] => obtener_comentarios
    [id_cit] => 146
)

[2025-07-21 21:48:07] REQUEST recibido: Array
(
    [action] => obtener_comentarios
    [id_cit] => 156
)

[2025-07-21 21:48:07] REQUEST recibido: Array
(
    [action] => obtener_comentarios
    [id_cit] => 206
)

[2025-07-21 21:48:07] REQUEST recibido: Array
(
    [action] => obtener_comentarios
    [id_cit] => 181
)

[2025-07-21 21:48:09] REQUEST recibido: Array
(
    [action] => obtener_estadisticas_embudo
)

[2025-07-21 21:48:09] EMBUDO ESTADÍSTICAS - Total: 76, Efectivas: 48, Registros: 25
[2025-07-21 21:48:22] REQUEST recibido: Array
(
    [action] => obtener_citas
    [fecha_inicio] => 2025-07-01
    [fecha_fin] => 2025-07-21
)

[2025-07-21 21:48:22] FILTRO CITAS - Parámetros recibidos:
[2025-07-21 21:48:22] - fecha_inicio: 2025-07-01
[2025-07-21 21:48:22] - fecha_fin: 2025-07-21
[2025-07-21 21:48:22] - id_ejecutivo: null
[2025-07-21 21:48:22] - id_plantel: null
[2025-07-21 21:48:22] - incluir_planteles_asociados RAW: not set
[2025-07-21 21:48:22] - incluir_planteles_asociados FINAL: false
[2025-07-21 21:48:22] - WHERE clause: c.eli_cit = 1 AND c.cit_cit >= '2025-07-01' AND c.cit_cit <= '2025-07-21'
[2025-07-21 21:48:22] - Query final: SELECT c.id_cit, c.cit_cit, c.hor_cit, c.nom_cit, c.tel_cit, c.id_eje2, c.eli_cit, c.est_cit, c.efe_cit, c.pla_cit, e.nom_eje, p.nom_pla 
					 FROM cita c
					 LEFT JOIN ejecutivo e ON c.id_eje2 = e.id_eje
					 LEFT JOIN plantel p ON c.pla_cit = p.id_pla
					 WHERE c.eli_cit = 1 AND c.cit_cit >= '2025-07-01' AND c.cit_cit <= '2025-07-21'
					 ORDER BY c.cit_cit ASC, c.hor_cit ASC
[2025-07-21 21:48:22] - Citas encontradas: 75
[2025-07-21 21:48:23] REQUEST recibido: Array
(
    [action] => obtener_colores
    [id_cit] => 203
)

[2025-07-21 21:48:23] REQUEST recibido: Array
(
    [action] => obtener_colores
    [id_cit] => 148
)

[2025-07-21 21:48:23] REQUEST recibido: Array
(
    [action] => obtener_colores
    [id_cit] => 183
)

[2025-07-21 21:48:23] REQUEST recibido: Array
(
    [action] => obtener_colores
    [id_cit] => 218
)

[2025-07-21 21:48:23] REQUEST recibido: Array
(
    [action] => obtener_colores
    [id_cit] => 155
)

[2025-07-21 21:48:23] REQUEST recibido: Array
(
    [action] => obtener_colores
    [id_cit] => 143
)

[2025-07-21 21:48:23] REQUEST recibido: Array
(
    [action] => obtener_colores
    [id_cit] => 178
)

[2025-07-21 21:48:23] REQUEST recibido: Array
(
    [action] => obtener_colores
    [id_cit] => 158
)

[2025-07-21 21:48:23] REQUEST recibido: Array
(
    [action] => obtener_colores
    [id_cit] => 153
)

[2025-07-21 21:48:23] REQUEST recibido: Array
(
    [action] => obtener_colores
    [id_cit] => 173
)

[2025-07-21 21:48:23] REQUEST recibido: Array
(
    [action] => obtener_colores
    [id_cit] => 193
)

[2025-07-21 21:48:23] REQUEST recibido: Array
(
    [action] => obtener_colores
    [id_cit] => 180
)

[2025-07-21 21:48:23] REQUEST recibido: Array
(
    [action] => obtener_colores
    [id_cit] => 168
)

[2025-07-21 21:48:23] REQUEST recibido: Array
(
    [action] => obtener_colores
    [id_cit] => 204
)

[2025-07-21 21:48:23] REQUEST recibido: Array
(
    [action] => obtener_colores
    [id_cit] => 144
)

[2025-07-21 21:48:23] REQUEST recibido: Array
(
    [action] => obtener_colores
    [id_cit] => 188
)

[2025-07-21 21:48:23] REQUEST recibido: Array
(
    [action] => obtener_colores
    [id_cit] => 159
)

[2025-07-21 21:48:23] REQUEST recibido: Array
(
    [action] => obtener_colores
    [id_cit] => 184
)

[2025-07-21 21:48:23] REQUEST recibido: Array
(
    [action] => obtener_colores
    [id_cit] => 208
)

[2025-07-21 21:48:23] REQUEST recibido: Array
(
    [action] => obtener_colores
    [id_cit] => 211
)

[2025-07-21 21:48:23] REQUEST recibido: Array
(
    [action] => obtener_colores
    [id_cit] => 149
)

[2025-07-21 21:48:23] REQUEST recibido: Array
(
    [action] => obtener_colores
    [id_cit] => 194
)

[2025-07-21 21:48:23] REQUEST recibido: Array
(
    [action] => obtener_colores
    [id_cit] => 174
)

[2025-07-21 21:48:23] REQUEST recibido: Array
(
    [action] => obtener_colores
    [id_cit] => 191
)

[2025-07-21 21:48:23] REQUEST recibido: Array
(
    [action] => obtener_colores
    [id_cit] => 179
)

[2025-07-21 21:48:23] REQUEST recibido: Array
(
    [action] => obtener_colores
    [id_cit] => 199
)

[2025-07-21 21:48:23] REQUEST recibido: Array
(
    [action] => obtener_colores
    [id_cit] => 154
)

[2025-07-21 21:48:23] REQUEST recibido: Array
(
    [action] => obtener_colores
    [id_cit] => 145
)

[2025-07-21 21:48:23] REQUEST recibido: Array
(
    [action] => obtener_colores
    [id_cit] => 164
)

[2025-07-21 21:48:23] REQUEST recibido: Array
(
    [action] => obtener_colores
    [id_cit] => 189
)

[2025-07-21 21:48:23] REQUEST recibido: Array
(
    [action] => obtener_colores
    [id_cit] => 176
)

[2025-07-21 21:48:23] REQUEST recibido: Array
(
    [action] => obtener_colores
    [id_cit] => 151
)

[2025-07-21 21:48:23] REQUEST recibido: Array
(
    [action] => obtener_colores
    [id_cit] => 209
)

[2025-07-21 21:48:23] REQUEST recibido: Array
(
    [action] => obtener_colores
    [id_cit] => 169
)

[2025-07-21 21:48:23] REQUEST recibido: Array
(
    [action] => obtener_colores
    [id_cit] => 186
)

[2025-07-21 21:48:23] REQUEST recibido: Array
(
    [action] => obtener_colores
    [id_cit] => 146
)

[2025-07-21 21:48:23] REQUEST recibido: Array
(
    [action] => obtener_colores
    [id_cit] => 156
)

[2025-07-21 21:48:23] REQUEST recibido: Array
(
    [action] => obtener_colores
    [id_cit] => 206
)

[2025-07-21 21:48:23] REQUEST recibido: Array
(
    [action] => obtener_colores
    [id_cit] => 181
)

[2025-07-21 21:48:23] REQUEST recibido: Array
(
    [action] => obtener_comentarios
    [id_cit] => 148
)

[2025-07-21 21:48:23] REQUEST recibido: Array
(
    [action] => obtener_comentarios
    [id_cit] => 203
)

[2025-07-21 21:48:23] REQUEST recibido: Array
(
    [action] => obtener_comentarios
    [id_cit] => 183
)

[2025-07-21 21:48:23] REQUEST recibido: Array
(
    [action] => obtener_comentarios
    [id_cit] => 155
)

[2025-07-21 21:48:23] REQUEST recibido: Array
(
    [action] => obtener_comentarios
    [id_cit] => 218
)

[2025-07-21 21:48:23] REQUEST recibido: Array
(
    [action] => obtener_comentarios
    [id_cit] => 143
)

[2025-07-21 21:48:23] REQUEST recibido: Array
(
    [action] => obtener_comentarios
    [id_cit] => 178
)

[2025-07-21 21:48:23] REQUEST recibido: Array
(
    [action] => obtener_comentarios
    [id_cit] => 158
)

[2025-07-21 21:48:23] REQUEST recibido: Array
(
    [action] => obtener_comentarios
    [id_cit] => 193
)

[2025-07-21 21:48:23] REQUEST recibido: Array
(
    [action] => obtener_comentarios
    [id_cit] => 153
)

[2025-07-21 21:48:23] REQUEST recibido: Array
(
    [action] => obtener_comentarios
    [id_cit] => 173
)

[2025-07-21 21:48:23] REQUEST recibido: Array
(
    [action] => obtener_comentarios
    [id_cit] => 180
)

[2025-07-21 21:48:23] REQUEST recibido: Array
(
    [action] => obtener_comentarios
    [id_cit] => 168
)

[2025-07-21 21:48:23] REQUEST recibido: Array
(
    [action] => obtener_comentarios
    [id_cit] => 204
)

[2025-07-21 21:48:23] REQUEST recibido: Array
(
    [action] => obtener_comentarios
    [id_cit] => 144
)

[2025-07-21 21:48:23] REQUEST recibido: Array
(
    [action] => obtener_comentarios
    [id_cit] => 188
)

[2025-07-21 21:48:23] REQUEST recibido: Array
(
    [action] => obtener_comentarios
    [id_cit] => 159
)

[2025-07-21 21:48:23] REQUEST recibido: Array
(
    [action] => obtener_comentarios
    [id_cit] => 184
)

[2025-07-21 21:48:23] REQUEST recibido: Array
(
    [action] => obtener_comentarios
    [id_cit] => 208
)

[2025-07-21 21:48:23] REQUEST recibido: Array
(
    [action] => obtener_comentarios
    [id_cit] => 211
)

[2025-07-21 21:48:23] REQUEST recibido: Array
(
    [action] => obtener_comentarios
    [id_cit] => 149
)

[2025-07-21 21:48:23] REQUEST recibido: Array
(
    [action] => obtener_comentarios
    [id_cit] => 194
)

[2025-07-21 21:48:23] REQUEST recibido: Array
(
    [action] => obtener_comentarios
    [id_cit] => 174
)

[2025-07-21 21:48:23] REQUEST recibido: Array
(
    [action] => obtener_comentarios
    [id_cit] => 191
)

[2025-07-21 21:48:23] REQUEST recibido: Array
(
    [action] => obtener_comentarios
    [id_cit] => 179
)

[2025-07-21 21:48:23] REQUEST recibido: Array
(
    [action] => obtener_comentarios
    [id_cit] => 199
)

[2025-07-21 21:48:23] REQUEST recibido: Array
(
    [action] => obtener_comentarios
    [id_cit] => 154
)

[2025-07-21 21:48:23] REQUEST recibido: Array
(
    [action] => obtener_comentarios
    [id_cit] => 145
)

[2025-07-21 21:48:23] REQUEST recibido: Array
(
    [action] => obtener_comentarios
    [id_cit] => 164
)

[2025-07-21 21:48:23] REQUEST recibido: Array
(
    [action] => obtener_comentarios
    [id_cit] => 189
)

[2025-07-21 21:48:23] REQUEST recibido: Array
(
    [action] => obtener_comentarios
    [id_cit] => 176
)

[2025-07-21 21:48:23] REQUEST recibido: Array
(
    [action] => obtener_comentarios
    [id_cit] => 209
)

[2025-07-21 21:48:23] REQUEST recibido: Array
(
    [action] => obtener_comentarios
    [id_cit] => 169
)

[2025-07-21 21:48:23] REQUEST recibido: Array
(
    [action] => obtener_comentarios
    [id_cit] => 186
)

[2025-07-21 21:48:23] REQUEST recibido: Array
(
    [action] => obtener_comentarios
    [id_cit] => 146
)

[2025-07-21 21:48:23] REQUEST recibido: Array
(
    [action] => obtener_comentarios
    [id_cit] => 156
)

[2025-07-21 21:48:23] REQUEST recibido: Array
(
    [action] => obtener_comentarios
    [id_cit] => 206
)

[2025-07-21 21:48:23] REQUEST recibido: Array
(
    [action] => obtener_comentarios
    [id_cit] => 151
)

[2025-07-21 21:48:23] REQUEST recibido: Array
(
    [action] => obtener_comentarios
    [id_cit] => 181
)

[2025-07-21 21:48:24] REQUEST recibido: Array
(
    [action] => obtener_estadisticas_embudo
)

[2025-07-21 21:48:24] EMBUDO ESTADÍSTICAS - Total: 76, Efectivas: 48, Registros: 25
[2025-07-21 21:48:25] REQUEST recibido: Array
(
    [action] => obtener_estadisticas_embudo
)

[2025-07-21 21:48:25] EMBUDO ESTADÍSTICAS - Total: 76, Efectivas: 48, Registros: 25
[2025-07-21 21:48:32] REQUEST recibido: Array
(
    [action] => obtener_citas
)

[2025-07-21 21:48:32] FILTRO CITAS - Parámetros recibidos:
[2025-07-21 21:48:32] - fecha_inicio: null
[2025-07-21 21:48:32] - fecha_fin: null
[2025-07-21 21:48:32] - id_ejecutivo: null
[2025-07-21 21:48:32] - id_plantel: null
[2025-07-21 21:48:32] - incluir_planteles_asociados RAW: not set
[2025-07-21 21:48:32] - incluir_planteles_asociados FINAL: false
[2025-07-21 21:48:32] - WHERE clause: c.eli_cit = 1
[2025-07-21 21:48:32] - Query final: SELECT c.id_cit, c.cit_cit, c.hor_cit, c.nom_cit, c.tel_cit, c.id_eje2, c.eli_cit, c.est_cit, c.efe_cit, c.pla_cit, e.nom_eje, p.nom_pla 
					 FROM cita c
					 LEFT JOIN ejecutivo e ON c.id_eje2 = e.id_eje
					 LEFT JOIN plantel p ON c.pla_cit = p.id_pla
					 WHERE c.eli_cit = 1
					 ORDER BY c.cit_cit DESC, c.hor_cit ASC
[2025-07-21 21:48:32] - Citas encontradas: 75
[2025-07-21 21:48:38] REQUEST recibido: Array
(
    [action] => obtener_estructura_tabla
)

[2025-07-21 21:48:38] REQUEST recibido: Array
(
    [action] => obtener_ejecutivos
)

[2025-07-21 21:48:38] REQUEST recibido: Array
(
    [action] => obtener_planteles
)

[2025-07-21 21:48:38] REQUEST recibido: Array
(
    [action] => obtener_citas
    [fecha_inicio] => 2025-07-14
    [fecha_fin] => 2025-07-21
)

[2025-07-21 21:48:38] FILTRO CITAS - Parámetros recibidos:
[2025-07-21 21:48:38] - fecha_inicio: 2025-07-14
[2025-07-21 21:48:38] - fecha_fin: 2025-07-21
[2025-07-21 21:48:38] - id_ejecutivo: null
[2025-07-21 21:48:38] - id_plantel: null
[2025-07-21 21:48:38] - incluir_planteles_asociados RAW: not set
[2025-07-21 21:48:38] - incluir_planteles_asociados FINAL: false
[2025-07-21 21:48:38] - WHERE clause: c.eli_cit = 1 AND c.cit_cit >= '2025-07-14' AND c.cit_cit <= '2025-07-21'
[2025-07-21 21:48:38] - Query final: SELECT c.id_cit, c.cit_cit, c.hor_cit, c.nom_cit, c.tel_cit, c.id_eje2, c.eli_cit, c.est_cit, c.efe_cit, c.pla_cit, e.nom_eje, p.nom_pla 
					 FROM cita c
					 LEFT JOIN ejecutivo e ON c.id_eje2 = e.id_eje
					 LEFT JOIN plantel p ON c.pla_cit = p.id_pla
					 WHERE c.eli_cit = 1 AND c.cit_cit >= '2025-07-14' AND c.cit_cit <= '2025-07-21'
					 ORDER BY c.cit_cit ASC, c.hor_cit ASC
[2025-07-21 21:48:38] - Citas encontradas: 19
[2025-07-21 21:48:39] REQUEST recibido: Array
(
    [action] => obtener_colores
    [id_cit] => 217
)

[2025-07-21 21:48:39] REQUEST recibido: Array
(
    [action] => obtener_colores
    [id_cit] => 213
)

[2025-07-21 21:48:39] REQUEST recibido: Array
(
    [action] => obtener_colores
    [id_cit] => 215
)

[2025-07-21 21:48:39] REQUEST recibido: Array
(
    [action] => obtener_colores
    [id_cit] => 216
)

[2025-07-21 21:48:39] REQUEST recibido: Array
(
    [action] => obtener_colores
    [id_cit] => 167
)

[2025-07-21 21:48:39] REQUEST recibido: Array
(
    [action] => obtener_colores
    [id_cit] => 214
)

[2025-07-21 21:48:39] REQUEST recibido: Array
(
    [action] => obtener_colores
    [id_cit] => 147
)

[2025-07-21 21:48:39] REQUEST recibido: Array
(
    [action] => obtener_colores
    [id_cit] => 187
)

[2025-07-21 21:48:39] REQUEST recibido: Array
(
    [action] => obtener_colores
    [id_cit] => 152
)

[2025-07-21 21:48:39] REQUEST recibido: Array
(
    [action] => obtener_colores
    [id_cit] => 177
)

[2025-07-21 21:48:39] REQUEST recibido: Array
(
    [action] => obtener_colores
    [id_cit] => 207
)

[2025-07-21 21:48:39] REQUEST recibido: Array
(
    [action] => obtener_colores
    [id_cit] => 157
)

[2025-07-21 21:48:39] REQUEST recibido: Array
(
    [action] => obtener_colores
    [id_cit] => 182
)

[2025-07-21 21:48:39] REQUEST recibido: Array
(
    [action] => obtener_colores
    [id_cit] => 202
)

[2025-07-21 21:48:39] REQUEST recibido: Array
(
    [action] => obtener_colores
    [id_cit] => 197
)

[2025-07-21 21:48:39] REQUEST recibido: Array
(
    [action] => obtener_colores
    [id_cit] => 162
)

[2025-07-21 21:48:39] REQUEST recibido: Array
(
    [action] => obtener_colores
    [id_cit] => 212
)

[2025-07-21 21:48:39] REQUEST recibido: Array
(
    [action] => obtener_colores
    [id_cit] => 172
)

[2025-07-21 21:48:39] REQUEST recibido: Array
(
    [action] => obtener_colores
    [id_cit] => 192
)

[2025-07-21 21:48:39] REQUEST recibido: Array
(
    [action] => obtener_comentarios
    [id_cit] => 217
)

[2025-07-21 21:48:39] REQUEST recibido: Array
(
    [action] => obtener_comentarios
    [id_cit] => 213
)

[2025-07-21 21:48:39] REQUEST recibido: Array
(
    [action] => obtener_comentarios
    [id_cit] => 216
)

[2025-07-21 21:48:39] REQUEST recibido: Array
(
    [action] => obtener_comentarios
    [id_cit] => 214
)

[2025-07-21 21:48:39] REQUEST recibido: Array
(
    [action] => obtener_comentarios
    [id_cit] => 167
)

[2025-07-21 21:48:39] REQUEST recibido: Array
(
    [action] => obtener_comentarios
    [id_cit] => 147
)

[2025-07-21 21:48:39] REQUEST recibido: Array
(
    [action] => obtener_comentarios
    [id_cit] => 187
)

[2025-07-21 21:48:39] REQUEST recibido: Array
(
    [action] => obtener_comentarios
    [id_cit] => 207
)

[2025-07-21 21:48:39] REQUEST recibido: Array
(
    [action] => obtener_comentarios
    [id_cit] => 152
)

[2025-07-21 21:48:39] REQUEST recibido: Array
(
    [action] => obtener_comentarios
    [id_cit] => 197
)

[2025-07-21 21:48:39] REQUEST recibido: Array
(
    [action] => obtener_comentarios
    [id_cit] => 157
)

[2025-07-21 21:48:39] REQUEST recibido: Array
(
    [action] => obtener_comentarios
    [id_cit] => 182
)

[2025-07-21 21:48:39] REQUEST recibido: Array
(
    [action] => obtener_comentarios
    [id_cit] => 202
)

[2025-07-21 21:48:39] REQUEST recibido: Array
(
    [action] => obtener_comentarios
    [id_cit] => 192
)

[2025-07-21 21:48:39] REQUEST recibido: Array
(
    [action] => obtener_comentarios
    [id_cit] => 172
)

[2025-07-21 21:48:39] REQUEST recibido: Array
(
    [action] => obtener_comentarios
    [id_cit] => 212
)

[2025-07-21 21:48:45] REQUEST recibido: Array
(
    [action] => obtener_estructura_tabla
)

[2025-07-21 21:48:45] REQUEST recibido: Array
(
    [action] => obtener_ejecutivos
)

[2025-07-21 21:48:45] REQUEST recibido: Array
(
    [action] => obtener_planteles
)

[2025-07-21 21:48:46] REQUEST recibido: Array
(
    [action] => obtener_citas
    [fecha_inicio] => 2025-07-14
    [fecha_fin] => 2025-07-21
)

[2025-07-21 21:48:46] REQUEST recibido: Array
(
    [action] => obtener_citas
    [fecha_inicio] => 2025-07-14
    [fecha_fin] => 2025-07-21
    [id_ejecutivo] => 18
    [incluir_planteles_asociados] => false
)

[2025-07-21 21:48:46] FILTRO CITAS - Parámetros recibidos:
[2025-07-21 21:48:46] - fecha_inicio: 2025-07-14
[2025-07-21 21:48:46] - fecha_fin: 2025-07-21
[2025-07-21 21:48:46] - id_ejecutivo: null
[2025-07-21 21:48:46] - id_plantel: null
[2025-07-21 21:48:46] - incluir_planteles_asociados RAW: not set
[2025-07-21 21:48:46] - incluir_planteles_asociados FINAL: false
[2025-07-21 21:48:46] FILTRO CITAS - Parámetros recibidos:
[2025-07-21 21:48:46] - fecha_inicio: 2025-07-14
[2025-07-21 21:48:46] - fecha_fin: 2025-07-21
[2025-07-21 21:48:46] - id_ejecutivo: 18
[2025-07-21 21:48:46] - id_plantel: null
[2025-07-21 21:48:46] - incluir_planteles_asociados RAW: false
[2025-07-21 21:48:46] - incluir_planteles_asociados FINAL: false
[2025-07-21 21:48:46] - WHERE clause: c.eli_cit = 1 AND c.cit_cit >= '2025-07-14' AND c.cit_cit <= '2025-07-21'
[2025-07-21 21:48:46] - Query final: SELECT c.id_cit, c.cit_cit, c.hor_cit, c.nom_cit, c.tel_cit, c.id_eje2, c.eli_cit, c.est_cit, c.efe_cit, c.pla_cit, e.nom_eje, p.nom_pla 
					 FROM cita c
					 LEFT JOIN ejecutivo e ON c.id_eje2 = e.id_eje
					 LEFT JOIN plantel p ON c.pla_cit = p.id_pla
					 WHERE c.eli_cit = 1 AND c.cit_cit >= '2025-07-14' AND c.cit_cit <= '2025-07-21'
					 ORDER BY c.cit_cit ASC, c.hor_cit ASC
[2025-07-21 21:48:46] - Citas encontradas: 19
[2025-07-21 21:48:46] - Solo citas propias del ejecutivo: 18
[2025-07-21 21:48:46] - WHERE clause: c.eli_cit = 1 AND c.cit_cit >= '2025-07-14' AND c.cit_cit <= '2025-07-21' AND c.id_eje2 = 18
[2025-07-21 21:48:46] - Query final: SELECT c.id_cit, c.cit_cit, c.hor_cit, c.nom_cit, c.tel_cit, c.id_eje2, c.eli_cit, c.est_cit, c.efe_cit, c.pla_cit, e.nom_eje, p.nom_pla 
					 FROM cita c
					 LEFT JOIN ejecutivo e ON c.id_eje2 = e.id_eje
					 LEFT JOIN plantel p ON c.pla_cit = p.id_pla
					 WHERE c.eli_cit = 1 AND c.cit_cit >= '2025-07-14' AND c.cit_cit <= '2025-07-21' AND c.id_eje2 = 18
					 ORDER BY c.cit_cit ASC, c.hor_cit ASC
[2025-07-21 21:48:46] - Citas encontradas: 1
[2025-07-21 21:48:46] REQUEST recibido: Array
(
    [action] => obtener_colores
    [id_cit] => 202
)

[2025-07-21 21:48:46] REQUEST recibido: Array
(
    [action] => obtener_colores
    [id_cit] => 202
)

[2025-07-21 21:48:46] REQUEST recibido: Array
(
    [action] => obtener_comentarios
    [id_cit] => 202
)

[2025-07-21 21:48:46] REQUEST recibido: Array
(
    [action] => obtener_comentarios
    [id_cit] => 202
)

[2025-07-21 21:48:47] REQUEST recibido: Array
(
    [action] => obtener_estadisticas_embudo
)

[2025-07-21 21:48:47] EMBUDO ESTADÍSTICAS - Total: 76, Efectivas: 48, Registros: 25
[2025-07-21 21:48:59] REQUEST recibido: Array
(
    [action] => obtener_citas
    [fecha_inicio] => 2025-07-01
    [fecha_fin] => 2025-07-21
    [id_ejecutivo] => 18
    [incluir_planteles_asociados] => false
)

[2025-07-21 21:48:59] FILTRO CITAS - Parámetros recibidos:
[2025-07-21 21:48:59] - fecha_inicio: 2025-07-01
[2025-07-21 21:48:59] - fecha_fin: 2025-07-21
[2025-07-21 21:48:59] - id_ejecutivo: 18
[2025-07-21 21:48:59] - id_plantel: null
[2025-07-21 21:48:59] - incluir_planteles_asociados RAW: false
[2025-07-21 21:48:59] - incluir_planteles_asociados FINAL: false
[2025-07-21 21:48:59] - Solo citas propias del ejecutivo: 18
[2025-07-21 21:48:59] - WHERE clause: c.eli_cit = 1 AND c.cit_cit >= '2025-07-01' AND c.cit_cit <= '2025-07-21' AND c.id_eje2 = 18
[2025-07-21 21:48:59] - Query final: SELECT c.id_cit, c.cit_cit, c.hor_cit, c.nom_cit, c.tel_cit, c.id_eje2, c.eli_cit, c.est_cit, c.efe_cit, c.pla_cit, e.nom_eje, p.nom_pla 
					 FROM cita c
					 LEFT JOIN ejecutivo e ON c.id_eje2 = e.id_eje
					 LEFT JOIN plantel p ON c.pla_cit = p.id_pla
					 WHERE c.eli_cit = 1 AND c.cit_cit >= '2025-07-01' AND c.cit_cit <= '2025-07-21' AND c.id_eje2 = 18
					 ORDER BY c.cit_cit ASC, c.hor_cit ASC
[2025-07-21 21:48:59] - Citas encontradas: 5
[2025-07-21 21:48:59] REQUEST recibido: Array
(
    [action] => obtener_colores
    [id_cit] => 198
)

[2025-07-21 21:48:59] REQUEST recibido: Array
(
    [action] => obtener_colores
    [id_cit] => 200
)

[2025-07-21 21:48:59] REQUEST recibido: Array
(
    [action] => obtener_colores
    [id_cit] => 202
)

[2025-07-21 21:48:59] REQUEST recibido: Array
(
    [action] => obtener_colores
    [id_cit] => 201
)

[2025-07-21 21:48:59] REQUEST recibido: Array
(
    [action] => obtener_colores
    [id_cit] => 199
)

[2025-07-21 21:49:00] REQUEST recibido: Array
(
    [action] => obtener_comentarios
    [id_cit] => 198
)

[2025-07-21 21:49:00] REQUEST recibido: Array
(
    [action] => obtener_comentarios
    [id_cit] => 200
)

[2025-07-21 21:49:00] REQUEST recibido: Array
(
    [action] => obtener_comentarios
    [id_cit] => 202
)

[2025-07-21 21:49:00] REQUEST recibido: Array
(
    [action] => obtener_comentarios
    [id_cit] => 199
)

[2025-07-21 21:49:00] REQUEST recibido: Array
(
    [action] => obtener_comentarios
    [id_cit] => 201
)

[2025-07-21 21:49:00] REQUEST recibido: Array
(
    [action] => obtener_estadisticas_embudo
)

[2025-07-21 21:49:00] EMBUDO ESTADÍSTICAS - Total: 76, Efectivas: 48, Registros: 25
[2025-07-21 21:51:50] REQUEST recibido: Array
(
    [action] => obtener_estructura_tabla
)

[2025-07-21 21:51:50] REQUEST recibido: Array
(
    [action] => obtener_ejecutivos
)

[2025-07-21 21:51:50] REQUEST recibido: Array
(
    [action] => obtener_planteles
)

[2025-07-21 21:51:50] REQUEST recibido: Array
(
    [action] => obtener_citas
    [fecha_inicio] => 2025-07-14
    [fecha_fin] => 2025-07-21
)

[2025-07-21 21:51:50] FILTRO CITAS - Parámetros recibidos:
[2025-07-21 21:51:50] - fecha_inicio: 2025-07-14
[2025-07-21 21:51:50] - fecha_fin: 2025-07-21
[2025-07-21 21:51:50] - id_ejecutivo: null
[2025-07-21 21:51:50] - id_plantel: null
[2025-07-21 21:51:50] - incluir_planteles_asociados RAW: not set
[2025-07-21 21:51:50] - incluir_planteles_asociados FINAL: false
[2025-07-21 21:51:50] - WHERE clause: c.eli_cit = 1 AND c.cit_cit >= '2025-07-14' AND c.cit_cit <= '2025-07-21'
[2025-07-21 21:51:50] - Query final: SELECT c.id_cit, c.cit_cit, c.hor_cit, c.nom_cit, c.tel_cit, c.id_eje2, c.eli_cit, c.est_cit, c.efe_cit, c.pla_cit, e.nom_eje, p.nom_pla 
					 FROM cita c
					 LEFT JOIN ejecutivo e ON c.id_eje2 = e.id_eje
					 LEFT JOIN plantel p ON c.pla_cit = p.id_pla
					 WHERE c.eli_cit = 1 AND c.cit_cit >= '2025-07-14' AND c.cit_cit <= '2025-07-21'
					 ORDER BY c.cit_cit ASC, c.hor_cit ASC
[2025-07-21 21:51:50] - Citas encontradas: 19
[2025-07-21 21:51:51] REQUEST recibido: Array
(
    [action] => obtener_colores
    [id_cit] => 217
)

[2025-07-21 21:51:51] REQUEST recibido: Array
(
    [action] => obtener_colores
    [id_cit] => 213
)

[2025-07-21 21:51:51] REQUEST recibido: Array
(
    [action] => obtener_colores
    [id_cit] => 216
)

[2025-07-21 21:51:51] REQUEST recibido: Array
(
    [action] => obtener_colores
    [id_cit] => 167
)

[2025-07-21 21:51:51] REQUEST recibido: Array
(
    [action] => obtener_colores
    [id_cit] => 214
)

[2025-07-21 21:51:51] REQUEST recibido: Array
(
    [action] => obtener_colores
    [id_cit] => 215
)

[2025-07-21 21:51:51] REQUEST recibido: Array
(
    [action] => obtener_colores
    [id_cit] => 147
)

[2025-07-21 21:51:51] REQUEST recibido: Array
(
    [action] => obtener_colores
    [id_cit] => 187
)

[2025-07-21 21:51:51] REQUEST recibido: Array
(
    [action] => obtener_colores
    [id_cit] => 152
)

[2025-07-21 21:51:51] REQUEST recibido: Array
(
    [action] => obtener_colores
    [id_cit] => 207
)

[2025-07-21 21:51:51] REQUEST recibido: Array
(
    [action] => obtener_colores
    [id_cit] => 177
)

[2025-07-21 21:51:51] REQUEST recibido: Array
(
    [action] => obtener_colores
    [id_cit] => 197
)

[2025-07-21 21:51:51] REQUEST recibido: Array
(
    [action] => obtener_colores
    [id_cit] => 202
)

[2025-07-21 21:51:51] REQUEST recibido: Array
(
    [action] => obtener_colores
    [id_cit] => 182
)

[2025-07-21 21:51:51] REQUEST recibido: Array
(
    [action] => obtener_colores
    [id_cit] => 157
)

[2025-07-21 21:51:51] REQUEST recibido: Array
(
    [action] => obtener_colores
    [id_cit] => 162
)

[2025-07-21 21:51:51] REQUEST recibido: Array
(
    [action] => obtener_colores
    [id_cit] => 212
)

[2025-07-21 21:51:51] REQUEST recibido: Array
(
    [action] => obtener_colores
    [id_cit] => 172
)

[2025-07-21 21:51:51] REQUEST recibido: Array
(
    [action] => obtener_colores
    [id_cit] => 192
)

[2025-07-21 21:51:51] REQUEST recibido: Array
(
    [action] => obtener_comentarios
    [id_cit] => 213
)

[2025-07-21 21:51:51] REQUEST recibido: Array
(
    [action] => obtener_comentarios
    [id_cit] => 217
)

[2025-07-21 21:51:51] REQUEST recibido: Array
(
    [action] => obtener_comentarios
    [id_cit] => 215
)

[2025-07-21 21:51:51] REQUEST recibido: Array
(
    [action] => obtener_comentarios
    [id_cit] => 216
)

[2025-07-21 21:51:51] REQUEST recibido: Array
(
    [action] => obtener_comentarios
    [id_cit] => 214
)

[2025-07-21 21:51:51] REQUEST recibido: Array
(
    [action] => obtener_comentarios
    [id_cit] => 167
)

[2025-07-21 21:51:51] REQUEST recibido: Array
(
    [action] => obtener_comentarios
    [id_cit] => 147
)

[2025-07-21 21:51:51] REQUEST recibido: Array
(
    [action] => obtener_comentarios
    [id_cit] => 207
)

[2025-07-21 21:51:51] REQUEST recibido: Array
(
    [action] => obtener_comentarios
    [id_cit] => 152
)

[2025-07-21 21:51:51] REQUEST recibido: Array
(
    [action] => obtener_comentarios
    [id_cit] => 187
)

[2025-07-21 21:51:51] REQUEST recibido: Array
(
    [action] => obtener_comentarios
    [id_cit] => 177
)

[2025-07-21 21:51:51] REQUEST recibido: Array
(
    [action] => obtener_comentarios
    [id_cit] => 197
)

[2025-07-21 21:51:51] REQUEST recibido: Array
(
    [action] => obtener_comentarios
    [id_cit] => 157
)

[2025-07-21 21:51:51] REQUEST recibido: Array
(
    [action] => obtener_comentarios
    [id_cit] => 182
)

[2025-07-21 21:51:51] REQUEST recibido: Array
(
    [action] => obtener_comentarios
    [id_cit] => 202
)

[2025-07-21 21:51:51] REQUEST recibido: Array
(
    [action] => obtener_comentarios
    [id_cit] => 162
)

[2025-07-21 21:51:51] REQUEST recibido: Array
(
    [action] => obtener_comentarios
    [id_cit] => 212
)

[2025-07-21 21:51:51] REQUEST recibido: Array
(
    [action] => obtener_comentarios
    [id_cit] => 172
)

[2025-07-21 21:51:51] REQUEST recibido: Array
(
    [action] => obtener_comentarios
    [id_cit] => 192
)

[2025-07-21 21:51:52] REQUEST recibido: Array
(
    [action] => obtener_estadisticas_embudo
)

[2025-07-21 21:51:52] EMBUDO ESTADÍSTICAS - Total: 76, Efectivas: 48, Registros: 25
[2025-07-21 21:51:52] REQUEST recibido: Array
(
    [action] => obtener_estadisticas_embudo
)

[2025-07-21 21:51:52] EMBUDO ESTADÍSTICAS - Total: 76, Efectivas: 48, Registros: 25
[2025-07-21 21:58:37] REQUEST recibido: Array
(
    [action] => obtener_estructura_tabla
)

[2025-07-21 21:58:37] REQUEST recibido: Array
(
    [action] => obtener_ejecutivos
)

[2025-07-21 21:58:38] REQUEST recibido: Array
(
    [action] => obtener_planteles
)

[2025-07-21 21:58:38] REQUEST recibido: Array
(
    [action] => obtener_citas
    [fecha_inicio] => 2025-07-14
    [fecha_fin] => 2025-07-21
)

[2025-07-21 21:58:38] FILTRO CITAS - Parámetros recibidos:
[2025-07-21 21:58:38] - fecha_inicio: 2025-07-14
[2025-07-21 21:58:38] - fecha_fin: 2025-07-21
[2025-07-21 21:58:38] - id_ejecutivo: null
[2025-07-21 21:58:38] - id_plantel: null
[2025-07-21 21:58:38] - incluir_planteles_asociados RAW: not set
[2025-07-21 21:58:38] - incluir_planteles_asociados FINAL: false
[2025-07-21 21:58:38] - WHERE clause: c.eli_cit = 1 AND c.cit_cit >= '2025-07-14' AND c.cit_cit <= '2025-07-21'
[2025-07-21 21:58:38] - Query final: SELECT c.id_cit, c.cit_cit, c.hor_cit, c.nom_cit, c.tel_cit, c.id_eje2, c.eli_cit, c.est_cit, c.efe_cit, c.pla_cit, e.nom_eje, p.nom_pla 
					 FROM cita c
					 LEFT JOIN ejecutivo e ON c.id_eje2 = e.id_eje
					 LEFT JOIN plantel p ON c.pla_cit = p.id_pla
					 WHERE c.eli_cit = 1 AND c.cit_cit >= '2025-07-14' AND c.cit_cit <= '2025-07-21'
					 ORDER BY c.cit_cit ASC, c.hor_cit ASC
[2025-07-21 21:58:38] - Citas encontradas: 19
[2025-07-21 21:58:39] REQUEST recibido: Array
(
    [action] => obtener_colores
    [id_cit] => 217
)

[2025-07-21 21:58:39] REQUEST recibido: Array
(
    [action] => obtener_colores
    [id_cit] => 213
)

[2025-07-21 21:58:39] REQUEST recibido: Array
(
    [action] => obtener_colores
    [id_cit] => 215
)

[2025-07-21 21:58:39] REQUEST recibido: Array
(
    [action] => obtener_colores
    [id_cit] => 216
)

[2025-07-21 21:58:39] REQUEST recibido: Array
(
    [action] => obtener_colores
    [id_cit] => 167
)

[2025-07-21 21:58:39] REQUEST recibido: Array
(
    [action] => obtener_colores
    [id_cit] => 147
)

[2025-07-21 21:58:39] REQUEST recibido: Array
(
    [action] => obtener_colores
    [id_cit] => 187
)

[2025-07-21 21:58:39] REQUEST recibido: Array
(
    [action] => obtener_colores
    [id_cit] => 207
)

[2025-07-21 21:58:39] REQUEST recibido: Array
(
    [action] => obtener_colores
    [id_cit] => 152
)

[2025-07-21 21:58:39] REQUEST recibido: Array
(
    [action] => obtener_colores
    [id_cit] => 177
)

[2025-07-21 21:58:39] REQUEST recibido: Array
(
    [action] => obtener_colores
    [id_cit] => 182
)

[2025-07-21 21:58:39] REQUEST recibido: Array
(
    [action] => obtener_colores
    [id_cit] => 197
)

[2025-07-21 21:58:39] REQUEST recibido: Array
(
    [action] => obtener_colores
    [id_cit] => 157
)

[2025-07-21 21:58:39] REQUEST recibido: Array
(
    [action] => obtener_colores
    [id_cit] => 202
)

[2025-07-21 21:58:39] REQUEST recibido: Array
(
    [action] => obtener_colores
    [id_cit] => 212
)

[2025-07-21 21:58:39] REQUEST recibido: Array
(
    [action] => obtener_colores
    [id_cit] => 172
)

[2025-07-21 21:58:39] REQUEST recibido: Array
(
    [action] => obtener_colores
    [id_cit] => 162
)

[2025-07-21 21:58:39] REQUEST recibido: Array
(
    [action] => obtener_colores
    [id_cit] => 192
)

[2025-07-21 21:58:39] REQUEST recibido: Array
(
    [action] => obtener_comentarios
    [id_cit] => 217
)

[2025-07-21 21:58:39] REQUEST recibido: Array
(
    [action] => obtener_comentarios
    [id_cit] => 213
)

[2025-07-21 21:58:39] REQUEST recibido: Array
(
    [action] => obtener_comentarios
    [id_cit] => 215
)

[2025-07-21 21:58:39] REQUEST recibido: Array
(
    [action] => obtener_comentarios
    [id_cit] => 216
)

[2025-07-21 21:58:39] REQUEST recibido: Array
(
    [action] => obtener_comentarios
    [id_cit] => 167
)

[2025-07-21 21:58:39] REQUEST recibido: Array
(
    [action] => obtener_comentarios
    [id_cit] => 214
)

[2025-07-21 21:58:39] REQUEST recibido: Array
(
    [action] => obtener_comentarios
    [id_cit] => 187
)

[2025-07-21 21:58:39] REQUEST recibido: Array
(
    [action] => obtener_comentarios
    [id_cit] => 147
)

[2025-07-21 21:58:39] REQUEST recibido: Array
(
    [action] => obtener_comentarios
    [id_cit] => 207
)

[2025-07-21 21:58:39] REQUEST recibido: Array
(
    [action] => obtener_comentarios
    [id_cit] => 152
)

[2025-07-21 21:58:39] REQUEST recibido: Array
(
    [action] => obtener_comentarios
    [id_cit] => 177
)

[2025-07-21 21:58:39] REQUEST recibido: Array
(
    [action] => obtener_comentarios
    [id_cit] => 197
)

[2025-07-21 21:58:39] REQUEST recibido: Array
(
    [action] => obtener_comentarios
    [id_cit] => 157
)

[2025-07-21 21:58:39] REQUEST recibido: Array
(
    [action] => obtener_comentarios
    [id_cit] => 182
)

[2025-07-21 21:58:39] REQUEST recibido: Array
(
    [action] => obtener_comentarios
    [id_cit] => 202
)

[2025-07-21 21:58:39] REQUEST recibido: Array
(
    [action] => obtener_comentarios
    [id_cit] => 162
)

[2025-07-21 21:58:39] REQUEST recibido: Array
(
    [action] => obtener_comentarios
    [id_cit] => 212
)

[2025-07-21 21:58:39] REQUEST recibido: Array
(
    [action] => obtener_comentarios
    [id_cit] => 172
)

[2025-07-21 21:58:39] REQUEST recibido: Array
(
    [action] => obtener_comentarios
    [id_cit] => 192
)

[2025-07-21 21:58:39] REQUEST recibido: Array
(
    [action] => obtener_estadisticas_embudo
)

[2025-07-21 21:58:39] EMBUDO ESTADÍSTICAS - Total: 76, Efectivas: 48, Registros: 25
[2025-07-22 20:30:38] REQUEST recibido: Array
(
    [action] => obtener_estructura_tabla
)

[2025-07-22 20:30:38] REQUEST recibido: Array
(
    [action] => obtener_ejecutivos
)

[2025-07-22 20:30:38] REQUEST recibido: Array
(
    [action] => obtener_planteles
)

[2025-07-22 20:30:38] REQUEST recibido: Array
(
    [action] => obtener_citas
    [fecha_inicio] => 2025-07-15
    [fecha_fin] => 2025-07-22
)

[2025-07-22 20:30:38] FILTRO CITAS - Parámetros recibidos:
[2025-07-22 20:30:38] - fecha_inicio: 2025-07-15
[2025-07-22 20:30:38] - fecha_fin: 2025-07-22
[2025-07-22 20:30:38] - id_ejecutivo: null
[2025-07-22 20:30:38] - id_plantel: null
[2025-07-22 20:30:38] - incluir_planteles_asociados RAW: not set
[2025-07-22 20:30:38] - incluir_planteles_asociados FINAL: false
[2025-07-22 20:30:38] - WHERE clause: c.eli_cit = 1 AND c.cit_cit >= '2025-07-15' AND c.cit_cit <= '2025-07-22'
[2025-07-22 20:30:38] - Query final: SELECT c.id_cit, c.cit_cit, c.hor_cit, c.nom_cit, c.tel_cit, c.id_eje2, c.eli_cit, c.est_cit, c.efe_cit, c.pla_cit, e.nom_eje, p.nom_pla 
					 FROM cita c
					 LEFT JOIN ejecutivo e ON c.id_eje2 = e.id_eje
					 LEFT JOIN plantel p ON c.pla_cit = p.id_pla
					 WHERE c.eli_cit = 1 AND c.cit_cit >= '2025-07-15' AND c.cit_cit <= '2025-07-22'
					 ORDER BY c.cit_cit ASC, c.hor_cit ASC
[2025-07-22 20:30:38] - Citas encontradas: 4
[2025-07-22 20:30:38] REQUEST recibido: Array
(
    [action] => obtener_colores
    [id_cit] => 213
)

[2025-07-22 20:30:38] REQUEST recibido: Array
(
    [action] => obtener_colores
    [id_cit] => 215
)

[2025-07-22 20:30:38] REQUEST recibido: Array
(
    [action] => obtener_colores
    [id_cit] => 216
)

[2025-07-22 20:30:38] REQUEST recibido: Array
(
    [action] => obtener_colores
    [id_cit] => 214
)

[2025-07-22 20:30:39] REQUEST recibido: Array
(
    [action] => obtener_comentarios
    [id_cit] => 213
)

[2025-07-22 20:30:39] REQUEST recibido: Array
(
    [action] => obtener_comentarios
    [id_cit] => 215
)

[2025-07-22 20:30:39] REQUEST recibido: Array
(
    [action] => obtener_comentarios
    [id_cit] => 216
)

[2025-07-22 20:30:39] REQUEST recibido: Array
(
    [action] => obtener_estadisticas_embudo
)

[2025-07-22 20:30:39] EMBUDO ESTADÍSTICAS - Total: 76, Efectivas: 48, Registros: 25
[2025-07-22 20:55:19] REQUEST recibido: Array
(
    [action] => obtener_estructura_tabla
)

[2025-07-22 20:55:19] REQUEST recibido: Array
(
    [action] => obtener_ejecutivos
)

[2025-07-22 20:55:19] REQUEST recibido: Array
(
    [action] => obtener_planteles
)

[2025-07-22 20:55:19] REQUEST recibido: Array
(
    [action] => obtener_citas
    [fecha_inicio] => 2025-07-15
    [fecha_fin] => 2025-07-22
)

[2025-07-22 20:55:19] FILTRO CITAS - Parámetros recibidos:
[2025-07-22 20:55:19] - fecha_inicio: 2025-07-15
[2025-07-22 20:55:19] - fecha_fin: 2025-07-22
[2025-07-22 20:55:19] - id_ejecutivo: null
[2025-07-22 20:55:19] - id_plantel: null
[2025-07-22 20:55:19] - incluir_planteles_asociados RAW: not set
[2025-07-22 20:55:19] - incluir_planteles_asociados FINAL: false
[2025-07-22 20:55:19] - WHERE clause: c.eli_cit = 1 AND c.cit_cit >= '2025-07-15' AND c.cit_cit <= '2025-07-22'
[2025-07-22 20:55:19] - Query final: SELECT c.id_cit, c.cit_cit, c.hor_cit, c.nom_cit, c.tel_cit, c.id_eje2, c.eli_cit, c.est_cit, c.efe_cit, c.pla_cit, e.nom_eje, p.nom_pla 
					 FROM cita c
					 LEFT JOIN ejecutivo e ON c.id_eje2 = e.id_eje
					 LEFT JOIN plantel p ON c.pla_cit = p.id_pla
					 WHERE c.eli_cit = 1 AND c.cit_cit >= '2025-07-15' AND c.cit_cit <= '2025-07-22'
					 ORDER BY c.cit_cit ASC, c.hor_cit ASC
[2025-07-22 20:55:19] - Citas encontradas: 4
[2025-07-22 20:55:19] REQUEST recibido: Array
(
    [action] => obtener_colores
    [id_cit] => 213
)

[2025-07-22 20:55:19] REQUEST recibido: Array
(
    [action] => obtener_colores
    [id_cit] => 216
)

[2025-07-22 20:55:19] REQUEST recibido: Array
(
    [action] => obtener_colores
    [id_cit] => 215
)

[2025-07-22 20:55:19] REQUEST recibido: Array
(
    [action] => obtener_colores
    [id_cit] => 214
)

[2025-07-22 20:55:20] REQUEST recibido: Array
(
    [action] => obtener_comentarios
    [id_cit] => 213
)

[2025-07-22 20:55:20] REQUEST recibido: Array
(
    [action] => obtener_comentarios
    [id_cit] => 215
)

[2025-07-22 20:55:20] REQUEST recibido: Array
(
    [action] => obtener_comentarios
    [id_cit] => 214
)

[2025-07-22 20:55:20] REQUEST recibido: Array
(
    [action] => obtener_comentarios
    [id_cit] => 216
)

[2025-07-22 20:55:20] REQUEST recibido: Array
(
    [action] => obtener_estadisticas_embudo
)

[2025-07-22 20:55:20] EMBUDO ESTADÍSTICAS - Total: 76, Efectivas: 48, Registros: 25
[2025-07-22 20:55:27] REQUEST recibido: Array
(
    [action] => obtener_citas
    [fecha_inicio] => 2025-07-01
    [fecha_fin] => 2025-07-22
)

[2025-07-22 20:55:27] FILTRO CITAS - Parámetros recibidos:
[2025-07-22 20:55:27] - fecha_inicio: 2025-07-01
[2025-07-22 20:55:27] - fecha_fin: 2025-07-22
[2025-07-22 20:55:27] - id_ejecutivo: null
[2025-07-22 20:55:27] - id_plantel: null
[2025-07-22 20:55:27] - incluir_planteles_asociados RAW: not set
[2025-07-22 20:55:27] - incluir_planteles_asociados FINAL: false
[2025-07-22 20:55:27] - WHERE clause: c.eli_cit = 1 AND c.cit_cit >= '2025-07-01' AND c.cit_cit <= '2025-07-22'
[2025-07-22 20:55:27] - Query final: SELECT c.id_cit, c.cit_cit, c.hor_cit, c.nom_cit, c.tel_cit, c.id_eje2, c.eli_cit, c.est_cit, c.efe_cit, c.pla_cit, e.nom_eje, p.nom_pla 
					 FROM cita c
					 LEFT JOIN ejecutivo e ON c.id_eje2 = e.id_eje
					 LEFT JOIN plantel p ON c.pla_cit = p.id_pla
					 WHERE c.eli_cit = 1 AND c.cit_cit >= '2025-07-01' AND c.cit_cit <= '2025-07-22'
					 ORDER BY c.cit_cit ASC, c.hor_cit ASC
[2025-07-22 20:55:27] - Citas encontradas: 75
[2025-07-22 20:55:27] REQUEST recibido: Array
(
    [action] => obtener_colores
    [id_cit] => 203
)

[2025-07-22 20:55:27] REQUEST recibido: Array
(
    [action] => obtener_colores
    [id_cit] => 148
)

[2025-07-22 20:55:27] REQUEST recibido: Array
(
    [action] => obtener_colores
    [id_cit] => 183
)

[2025-07-22 20:55:27] REQUEST recibido: Array
(
    [action] => obtener_colores
    [id_cit] => 155
)

[2025-07-22 20:55:27] REQUEST recibido: Array
(
    [action] => obtener_colores
    [id_cit] => 218
)

[2025-07-22 20:55:27] REQUEST recibido: Array
(
    [action] => obtener_colores
    [id_cit] => 178
)

[2025-07-22 20:55:27] REQUEST recibido: Array
(
    [action] => obtener_colores
    [id_cit] => 193
)

[2025-07-22 20:55:27] REQUEST recibido: Array
(
    [action] => obtener_colores
    [id_cit] => 158
)

[2025-07-22 20:55:27] REQUEST recibido: Array
(
    [action] => obtener_colores
    [id_cit] => 153
)

[2025-07-22 20:55:27] REQUEST recibido: Array
(
    [action] => obtener_colores
    [id_cit] => 173
)

[2025-07-22 20:55:27] REQUEST recibido: Array
(
    [action] => obtener_colores
    [id_cit] => 180
)

[2025-07-22 20:55:27] REQUEST recibido: Array
(
    [action] => obtener_colores
    [id_cit] => 168
)

[2025-07-22 20:55:27] REQUEST recibido: Array
(
    [action] => obtener_colores
    [id_cit] => 144
)

[2025-07-22 20:55:27] REQUEST recibido: Array
(
    [action] => obtener_colores
    [id_cit] => 188
)

[2025-07-22 20:55:27] REQUEST recibido: Array
(
    [action] => obtener_colores
    [id_cit] => 159
)

[2025-07-22 20:55:27] REQUEST recibido: Array
(
    [action] => obtener_colores
    [id_cit] => 211
)

[2025-07-22 20:55:27] REQUEST recibido: Array
(
    [action] => obtener_colores
    [id_cit] => 184
)

[2025-07-22 20:55:27] REQUEST recibido: Array
(
    [action] => obtener_colores
    [id_cit] => 208
)

[2025-07-22 20:55:27] REQUEST recibido: Array
(
    [action] => obtener_colores
    [id_cit] => 149
)

[2025-07-22 20:55:27] REQUEST recibido: Array
(
    [action] => obtener_colores
    [id_cit] => 194
)

[2025-07-22 20:55:27] REQUEST recibido: Array
(
    [action] => obtener_colores
    [id_cit] => 174
)

[2025-07-22 20:55:27] REQUEST recibido: Array
(
    [action] => obtener_colores
    [id_cit] => 191
)

[2025-07-22 20:55:27] REQUEST recibido: Array
(
    [action] => obtener_colores
    [id_cit] => 179
)

[2025-07-22 20:55:27] REQUEST recibido: Array
(
    [action] => obtener_colores
    [id_cit] => 154
)

[2025-07-22 20:55:27] REQUEST recibido: Array
(
    [action] => obtener_colores
    [id_cit] => 199
)

[2025-07-22 20:55:27] REQUEST recibido: Array
(
    [action] => obtener_colores
    [id_cit] => 145
)

[2025-07-22 20:55:27] REQUEST recibido: Array
(
    [action] => obtener_colores
    [id_cit] => 176
)

[2025-07-22 20:55:27] REQUEST recibido: Array
(
    [action] => obtener_colores
    [id_cit] => 189
)

[2025-07-22 20:55:27] REQUEST recibido: Array
(
    [action] => obtener_colores
    [id_cit] => 164
)

[2025-07-22 20:55:27] REQUEST recibido: Array
(
    [action] => obtener_colores
    [id_cit] => 151
)

[2025-07-22 20:55:27] REQUEST recibido: Array
(
    [action] => obtener_colores
    [id_cit] => 209
)

[2025-07-22 20:55:27] REQUEST recibido: Array
(
    [action] => obtener_colores
    [id_cit] => 169
)

[2025-07-22 20:55:27] REQUEST recibido: Array
(
    [action] => obtener_colores
    [id_cit] => 186
)

[2025-07-22 20:55:27] REQUEST recibido: Array
(
    [action] => obtener_colores
    [id_cit] => 146
)

[2025-07-22 20:55:27] REQUEST recibido: Array
(
    [action] => obtener_colores
    [id_cit] => 156
)

[2025-07-22 20:55:27] REQUEST recibido: Array
(
    [action] => obtener_colores
    [id_cit] => 206
)

[2025-07-22 20:55:27] REQUEST recibido: Array
(
    [action] => obtener_colores
    [id_cit] => 181
)

[2025-07-22 20:55:28] REQUEST recibido: Array
(
    [action] => obtener_comentarios
    [id_cit] => 203
)

[2025-07-22 20:55:28] REQUEST recibido: Array
(
    [action] => obtener_comentarios
    [id_cit] => 148
)

[2025-07-22 20:55:28] REQUEST recibido: Array
(
    [action] => obtener_comentarios
    [id_cit] => 183
)

[2025-07-22 20:55:28] REQUEST recibido: Array
(
    [action] => obtener_comentarios
    [id_cit] => 155
)

[2025-07-22 20:55:28] REQUEST recibido: Array
(
    [action] => obtener_comentarios
    [id_cit] => 143
)

[2025-07-22 20:55:28] REQUEST recibido: Array
(
    [action] => obtener_comentarios
    [id_cit] => 218
)

[2025-07-22 20:55:28] REQUEST recibido: Array
(
    [action] => obtener_comentarios
    [id_cit] => 178
)

[2025-07-22 20:55:28] REQUEST recibido: Array
(
    [action] => obtener_comentarios
    [id_cit] => 193
)

[2025-07-22 20:55:28] REQUEST recibido: Array
(
    [action] => obtener_comentarios
    [id_cit] => 158
)

[2025-07-22 20:55:28] REQUEST recibido: Array
(
    [action] => obtener_comentarios
    [id_cit] => 173
)

[2025-07-22 20:55:28] REQUEST recibido: Array
(
    [action] => obtener_comentarios
    [id_cit] => 153
)

[2025-07-22 20:55:28] REQUEST recibido: Array
(
    [action] => obtener_comentarios
    [id_cit] => 180
)

[2025-07-22 20:55:28] REQUEST recibido: Array
(
    [action] => obtener_comentarios
    [id_cit] => 204
)

[2025-07-22 20:55:28] REQUEST recibido: Array
(
    [action] => obtener_comentarios
    [id_cit] => 144
)

[2025-07-22 20:55:28] REQUEST recibido: Array
(
    [action] => obtener_comentarios
    [id_cit] => 188
)

[2025-07-22 20:55:28] REQUEST recibido: Array
(
    [action] => obtener_comentarios
    [id_cit] => 159
)

[2025-07-22 20:55:28] REQUEST recibido: Array
(
    [action] => obtener_comentarios
    [id_cit] => 184
)

[2025-07-22 20:55:28] REQUEST recibido: Array
(
    [action] => obtener_comentarios
    [id_cit] => 208
)

[2025-07-22 20:55:28] REQUEST recibido: Array
(
    [action] => obtener_comentarios
    [id_cit] => 211
)

[2025-07-22 20:55:28] REQUEST recibido: Array
(
    [action] => obtener_comentarios
    [id_cit] => 149
)

[2025-07-22 20:55:28] REQUEST recibido: Array
(
    [action] => obtener_comentarios
    [id_cit] => 194
)

[2025-07-22 20:55:28] REQUEST recibido: Array
(
    [action] => obtener_comentarios
    [id_cit] => 174
)

[2025-07-22 20:55:28] REQUEST recibido: Array
(
    [action] => obtener_comentarios
    [id_cit] => 191
)

[2025-07-22 20:55:28] REQUEST recibido: Array
(
    [action] => obtener_comentarios
    [id_cit] => 199
)

[2025-07-22 20:55:28] REQUEST recibido: Array
(
    [action] => obtener_comentarios
    [id_cit] => 179
)

[2025-07-22 20:55:28] REQUEST recibido: Array
(
    [action] => obtener_comentarios
    [id_cit] => 154
)

[2025-07-22 20:55:28] REQUEST recibido: Array
(
    [action] => obtener_comentarios
    [id_cit] => 145
)

[2025-07-22 20:55:28] REQUEST recibido: Array
(
    [action] => obtener_comentarios
    [id_cit] => 164
)

[2025-07-22 20:55:28] REQUEST recibido: Array
(
    [action] => obtener_comentarios
    [id_cit] => 189
)

[2025-07-22 20:55:28] REQUEST recibido: Array
(
    [action] => obtener_comentarios
    [id_cit] => 176
)

[2025-07-22 20:55:28] REQUEST recibido: Array
(
    [action] => obtener_comentarios
    [id_cit] => 151
)

[2025-07-22 20:55:28] REQUEST recibido: Array
(
    [action] => obtener_comentarios
    [id_cit] => 209
)

[2025-07-22 20:55:28] REQUEST recibido: Array
(
    [action] => obtener_comentarios
    [id_cit] => 186
)

[2025-07-22 20:55:28] REQUEST recibido: Array
(
    [action] => obtener_comentarios
    [id_cit] => 169
)

[2025-07-22 20:55:28] REQUEST recibido: Array
(
    [action] => obtener_comentarios
    [id_cit] => 146
)

[2025-07-22 20:55:28] REQUEST recibido: Array
(
    [action] => obtener_comentarios
    [id_cit] => 156
)

[2025-07-22 20:55:28] REQUEST recibido: Array
(
    [action] => obtener_comentarios
    [id_cit] => 206
)

[2025-07-22 20:55:28] REQUEST recibido: Array
(
    [action] => obtener_comentarios
    [id_cit] => 181
)

[2025-07-22 20:55:28] REQUEST recibido: Array
(
    [action] => obtener_estadisticas_embudo
)

[2025-07-22 20:55:28] EMBUDO ESTADÍSTICAS - Total: 76, Efectivas: 48, Registros: 25
[2025-07-22 20:57:45] REQUEST recibido: Array
(
    [action] => actualizar_cita
    [campo] => nom_cit
    [valor] => cita modificada
    [id_cit] => 148
)

